Started GET "/" for ::1 at 2023-02-28 13:21:33 -0800
  [1m[35m (2.9ms)[0m  [1m[34mSELECT sqlite_version(*)[0m
  [1m[35m (1.5ms)[0m  [1m[35mCREATE TABLE "schema_migrations" ("version" varchar NOT NULL PRIMARY KEY)[0m
  [1m[35m (1.7ms)[0m  [1m[35mCREATE TABLE "ar_internal_metadata" ("key" varchar NOT NULL PRIMARY KEY, "value" varchar, "created_at" datetime(6) NOT NULL, "updated_at" datetime(6) NOT NULL)[0m
  [1m[35m (0.9ms)[0m  [1m[34mSELECT "schema_migrations"."version" FROM "schema_migrations" ORDER BY "schema_migrations"."version" ASC[0m
  
ActiveRecord::PendingMigrationError (

Migrations are pending. To resolve this issue, run:

        bin/rails db:migrate RAILS_ENV=development

You have 2 pending migrations:

20230130180733_create_users.rb
20230130181057_create_urls.rb


):
  
activerecord (6.1.7.2) lib/active_record/migration.rb:625:in `check_pending!'
activerecord (6.1.7.2) lib/active_record/migration.rb:590:in `block (2 levels) in call'
activesupport (6.1.7.2) lib/active_support/evented_file_update_checker.rb:59:in `execute'
activerecord (6.1.7.2) lib/active_record/migration.rb:595:in `block in call'
activerecord (6.1.7.2) lib/active_record/migration.rb:587:in `synchronize'
activerecord (6.1.7.2) lib/active_record/migration.rb:587:in `call'
actionpack (6.1.7.2) lib/action_dispatch/middleware/callbacks.rb:27:in `block in call'
activesupport (6.1.7.2) lib/active_support/callbacks.rb:98:in `run_callbacks'
actionpack (6.1.7.2) lib/action_dispatch/middleware/callbacks.rb:26:in `call'
actionpack (6.1.7.2) lib/action_dispatch/middleware/executor.rb:14:in `call'
actionpack (6.1.7.2) lib/action_dispatch/middleware/actionable_exceptions.rb:18:in `call'
actionpack (6.1.7.2) lib/action_dispatch/middleware/debug_exceptions.rb:29:in `call'
web-console (4.2.0) lib/web_console/middleware.rb:132:in `call_app'
web-console (4.2.0) lib/web_console/middleware.rb:28:in `block in call'
web-console (4.2.0) lib/web_console/middleware.rb:17:in `catch'
web-console (4.2.0) lib/web_console/middleware.rb:17:in `call'
actionpack (6.1.7.2) lib/action_dispatch/middleware/show_exceptions.rb:33:in `call'
railties (6.1.7.2) lib/rails/rack/logger.rb:37:in `call_app'
railties (6.1.7.2) lib/rails/rack/logger.rb:26:in `block in call'
activesupport (6.1.7.2) lib/active_support/tagged_logging.rb:99:in `block in tagged'
activesupport (6.1.7.2) lib/active_support/tagged_logging.rb:37:in `tagged'
activesupport (6.1.7.2) lib/active_support/tagged_logging.rb:99:in `tagged'
railties (6.1.7.2) lib/rails/rack/logger.rb:26:in `call'
sprockets-rails (3.4.2) lib/sprockets/rails/quiet_assets.rb:13:in `call'
actionpack (6.1.7.2) lib/action_dispatch/middleware/remote_ip.rb:81:in `call'
actionpack (6.1.7.2) lib/action_dispatch/middleware/request_id.rb:26:in `call'
rack (2.2.6.2) lib/rack/method_override.rb:24:in `call'
rack (2.2.6.2) lib/rack/runtime.rb:22:in `call'
activesupport (6.1.7.2) lib/active_support/cache/strategy/local_cache_middleware.rb:29:in `call'
actionpack (6.1.7.2) lib/action_dispatch/middleware/executor.rb:14:in `call'
actionpack (6.1.7.2) lib/action_dispatch/middleware/static.rb:24:in `call'
rack (2.2.6.2) lib/rack/sendfile.rb:110:in `call'
actionpack (6.1.7.2) lib/action_dispatch/middleware/host_authorization.rb:148:in `call'
rack-mini-profiler (2.3.4) lib/mini_profiler/profiler.rb:393:in `call'
webpacker (5.4.3) lib/webpacker/dev_server_proxy.rb:25:in `perform_request'
rack-proxy (0.7.6) lib/rack/proxy.rb:87:in `call'
railties (6.1.7.2) lib/rails/engine.rb:539:in `call'
puma (5.6.5) lib/puma/configuration.rb:252:in `call'
puma (5.6.5) lib/puma/request.rb:77:in `block in handle_request'
puma (5.6.5) lib/puma/thread_pool.rb:340:in `with_force_shutdown'
puma (5.6.5) lib/puma/request.rb:76:in `handle_request'
puma (5.6.5) lib/puma/server.rb:443:in `process_client'
puma (5.6.5) lib/puma/thread_pool.rb:147:in `block in spawn_thread'
Started GET "/favicon.ico" for ::1 at 2023-02-28 13:21:34 -0800
  [1m[35m (0.2ms)[0m  [1m[34mSELECT "schema_migrations"."version" FROM "schema_migrations" ORDER BY "schema_migrations"."version" ASC[0m
  [1m[35mCACHE  (0.0ms)[0m  [1m[34mSELECT "schema_migrations"."version" FROM "schema_migrations" ORDER BY "schema_migrations"."version" ASC[0m
  
ActiveRecord::PendingMigrationError (

Migrations are pending. To resolve this issue, run:

        bin/rails db:migrate RAILS_ENV=development

You have 2 pending migrations:

20230130180733_create_users.rb
20230130181057_create_urls.rb


):
  
activerecord (6.1.7.2) lib/active_record/migration.rb:625:in `check_pending!'
activerecord (6.1.7.2) lib/active_record/migration.rb:590:in `block (2 levels) in call'
activesupport (6.1.7.2) lib/active_support/evented_file_update_checker.rb:59:in `execute'
activerecord (6.1.7.2) lib/active_record/migration.rb:595:in `block in call'
activerecord (6.1.7.2) lib/active_record/migration.rb:587:in `synchronize'
activerecord (6.1.7.2) lib/active_record/migration.rb:587:in `call'
actionpack (6.1.7.2) lib/action_dispatch/middleware/callbacks.rb:27:in `block in call'
activesupport (6.1.7.2) lib/active_support/callbacks.rb:98:in `run_callbacks'
actionpack (6.1.7.2) lib/action_dispatch/middleware/callbacks.rb:26:in `call'
actionpack (6.1.7.2) lib/action_dispatch/middleware/executor.rb:14:in `call'
actionpack (6.1.7.2) lib/action_dispatch/middleware/actionable_exceptions.rb:18:in `call'
actionpack (6.1.7.2) lib/action_dispatch/middleware/debug_exceptions.rb:29:in `call'
web-console (4.2.0) lib/web_console/middleware.rb:132:in `call_app'
web-console (4.2.0) lib/web_console/middleware.rb:28:in `block in call'
web-console (4.2.0) lib/web_console/middleware.rb:17:in `catch'
web-console (4.2.0) lib/web_console/middleware.rb:17:in `call'
actionpack (6.1.7.2) lib/action_dispatch/middleware/show_exceptions.rb:33:in `call'
railties (6.1.7.2) lib/rails/rack/logger.rb:37:in `call_app'
railties (6.1.7.2) lib/rails/rack/logger.rb:26:in `block in call'
activesupport (6.1.7.2) lib/active_support/tagged_logging.rb:99:in `block in tagged'
activesupport (6.1.7.2) lib/active_support/tagged_logging.rb:37:in `tagged'
activesupport (6.1.7.2) lib/active_support/tagged_logging.rb:99:in `tagged'
railties (6.1.7.2) lib/rails/rack/logger.rb:26:in `call'
sprockets-rails (3.4.2) lib/sprockets/rails/quiet_assets.rb:13:in `call'
actionpack (6.1.7.2) lib/action_dispatch/middleware/remote_ip.rb:81:in `call'
actionpack (6.1.7.2) lib/action_dispatch/middleware/request_id.rb:26:in `call'
rack (2.2.6.2) lib/rack/method_override.rb:24:in `call'
rack (2.2.6.2) lib/rack/runtime.rb:22:in `call'
activesupport (6.1.7.2) lib/active_support/cache/strategy/local_cache_middleware.rb:29:in `call'
actionpack (6.1.7.2) lib/action_dispatch/middleware/executor.rb:14:in `call'
actionpack (6.1.7.2) lib/action_dispatch/middleware/static.rb:24:in `call'
rack (2.2.6.2) lib/rack/sendfile.rb:110:in `call'
actionpack (6.1.7.2) lib/action_dispatch/middleware/host_authorization.rb:148:in `call'
rack-mini-profiler (2.3.4) lib/mini_profiler/profiler.rb:393:in `call'
webpacker (5.4.3) lib/webpacker/dev_server_proxy.rb:25:in `perform_request'
rack-proxy (0.7.6) lib/rack/proxy.rb:87:in `call'
railties (6.1.7.2) lib/rails/engine.rb:539:in `call'
puma (5.6.5) lib/puma/configuration.rb:252:in `call'
puma (5.6.5) lib/puma/request.rb:77:in `block in handle_request'
puma (5.6.5) lib/puma/thread_pool.rb:340:in `with_force_shutdown'
puma (5.6.5) lib/puma/request.rb:76:in `handle_request'
puma (5.6.5) lib/puma/server.rb:443:in `process_client'
puma (5.6.5) lib/puma/thread_pool.rb:147:in `block in spawn_thread'
  [1m[35m (0.7ms)[0m  [1m[34mSELECT sqlite_version(*)[0m
  [1m[35m (0.3ms)[0m  [1m[34mSELECT "schema_migrations"."version" FROM "schema_migrations" ORDER BY "schema_migrations"."version" ASC[0m
Migrating to CreateUsers (20230130180733)
  [1m[36mTRANSACTION (0.1ms)[0m  [1m[36mbegin transaction[0m
  [1m[35m (0.6ms)[0m  [1m[35mCREATE TABLE "users" ("id" integer PRIMARY KEY AUTOINCREMENT NOT NULL, "email" varchar, "name" varchar, "password_digest" varchar, "created_at" datetime(6) NOT NULL, "updated_at" datetime(6) NOT NULL)[0m
  [1m[36mActiveRecord::SchemaMigration Create (0.3ms)[0m  [1m[32mINSERT INTO "schema_migrations" ("version") VALUES (?)[0m  [["version", "20230130180733"]]
  [1m[36mTRANSACTION (1.0ms)[0m  [1m[36mcommit transaction[0m
Migrating to CreateUrls (20230130181057)
  [1m[36mTRANSACTION (0.1ms)[0m  [1m[36mbegin transaction[0m
  [1m[35m (0.7ms)[0m  [1m[35mCREATE TABLE "urls" ("id" integer PRIMARY KEY AUTOINCREMENT NOT NULL, "short_url" varchar, "long_url" varchar, "description" varchar, "user_id" integer NOT NULL, "created_at" datetime(6) NOT NULL, "updated_at" datetime(6) NOT NULL, CONSTRAINT "fk_rails_f4ba35baaf"
FOREIGN KEY ("user_id")
  REFERENCES "users" ("id")
)[0m
  [1m[35m (0.3ms)[0m  [1m[35mCREATE INDEX "index_urls_on_user_id" ON "urls" ("user_id")[0m
  [1m[36mActiveRecord::SchemaMigration Create (0.2ms)[0m  [1m[32mINSERT INTO "schema_migrations" ("version") VALUES (?)[0m  [["version", "20230130181057"]]
  [1m[36mTRANSACTION (1.9ms)[0m  [1m[36mcommit transaction[0m
  [1m[36mActiveRecord::InternalMetadata Load (0.2ms)[0m  [1m[34mSELECT "ar_internal_metadata".* FROM "ar_internal_metadata" WHERE "ar_internal_metadata"."key" = ? LIMIT ?[0m  [["key", "environment"], ["LIMIT", 1]]
  [1m[36mTRANSACTION (0.1ms)[0m  [1m[36mbegin transaction[0m
  [1m[36mActiveRecord::InternalMetadata Create (0.5ms)[0m  [1m[32mINSERT INTO "ar_internal_metadata" ("key", "value", "created_at", "updated_at") VALUES (?, ?, ?, ?)[0m  [["key", "environment"], ["value", "development"], ["created_at", "2023-02-28 21:21:48.713020"], ["updated_at", "2023-02-28 21:21:48.713020"]]
  [1m[36mTRANSACTION (1.0ms)[0m  [1m[36mcommit transaction[0m
  [1m[35m (0.1ms)[0m  [1m[34mSELECT sqlite_version(*)[0m
  [1m[35m (0.3ms)[0m  [1m[34mSELECT "schema_migrations"."version" FROM "schema_migrations" ORDER BY "schema_migrations"."version" ASC[0m
Started GET "/" for ::1 at 2023-02-28 13:21:55 -0800
  [1m[35m (0.6ms)[0m  [1m[34mSELECT sqlite_version(*)[0m
  [1m[35m (0.1ms)[0m  [1m[34mSELECT "schema_migrations"."version" FROM "schema_migrations" ORDER BY "schema_migrations"."version" ASC[0m
Processing by UrlsController#everyboday as HTML
  Rendering layout layouts/application.html.erb
  Rendering urls/everyboday.html.erb within layouts/application
  [1m[36mUrl Load (0.3ms)[0m  [1m[34mSELECT "urls".* FROM "urls"[0m
  ↳ app/views/urls/everyboday.html.erb:17
  Rendered urls/everyboday.html.erb within layouts/application (Duration: 5.2ms | Allocations: 1054)
[Webpacker] Compiling...
[Webpacker] Compilation failed:
/Users/jamesbrown/.rvm/gems/ruby-2.7.0/gems/webpacker-5.4.3/lib/webpacker/runner.rb:13:in ``': No such file or directory - yarn (Errno::ENOENT)
	from /Users/jamesbrown/.rvm/gems/ruby-2.7.0/gems/webpacker-5.4.3/lib/webpacker/runner.rb:13:in `initialize'
	from /Users/jamesbrown/.rvm/gems/ruby-2.7.0/gems/webpacker-5.4.3/lib/webpacker/runner.rb:6:in `new'
	from /Users/jamesbrown/.rvm/gems/ruby-2.7.0/gems/webpacker-5.4.3/lib/webpacker/runner.rb:6:in `run'
	from ./bin/webpack:17:in `block in <main>'
	from ./bin/webpack:16:in `chdir'
	from ./bin/webpack:16:in `<main>'

  Rendered layout layouts/application.html.erb (Duration: 4589.6ms | Allocations: 33719)
Completed 500 Internal Server Error in 4619ms (ActiveRecord: 0.3ms | Allocations: 38244)


  
ActionView::Template::Error (Webpacker can't find application.js in /Users/jamesbrown/lighthouse/tinyapp-ruby/public/packs/manifest.json. Possible causes:
1. You want to set webpacker.yml value of compile to true for your environment
   unless you are using the `webpack -w` or the webpack-dev-server.
2. webpack has not yet re-run to reflect updates.
3. You have misconfigured Webpacker's config/webpacker.yml file.
4. Your webpack configuration is not creating a manifest.
Your manifest contains:
{
}
):
     7:     <%= csp_meta_tag %>
     8: 
     9:     <%= stylesheet_link_tag 'application', media: 'all', 'data-turbolinks-track': 'reload' %>
    10:     <%= javascript_pack_tag 'application', 'data-turbolinks-track': 'reload' %>
    11:   </head>
    12: 
    13:   <body>
  
app/views/layouts/application.html.erb:10
Started GET "/favicon.ico" for ::1 at 2023-02-28 13:22:00 -0800
  
ActionController::RoutingError (No route matches [GET] "/favicon.ico"):
  
Started GET "/" for ::1 at 2023-02-28 13:23:22 -0800
Processing by UrlsController#everyboday as HTML
  Rendering layout layouts/application.html.erb
  Rendering urls/everyboday.html.erb within layouts/application
  [1m[36mUrl Load (0.2ms)[0m  [1m[34mSELECT "urls".* FROM "urls"[0m
  ↳ app/views/urls/everyboday.html.erb:17
  Rendered urls/everyboday.html.erb within layouts/application (Duration: 2.9ms | Allocations: 946)
  Rendered layout layouts/application.html.erb (Duration: 8.4ms | Allocations: 2960)
Completed 200 OK in 13ms (Views: 10.9ms | ActiveRecord: 0.2ms | Allocations: 4123)


Started GET "/" for ::1 at 2023-02-28 13:23:26 -0800
Processing by UrlsController#everyboday as HTML
  Rendering layout layouts/application.html.erb
  Rendering urls/everyboday.html.erb within layouts/application
  [1m[36mUrl Load (0.1ms)[0m  [1m[34mSELECT "urls".* FROM "urls"[0m
  ↳ app/views/urls/everyboday.html.erb:17
  Rendered urls/everyboday.html.erb within layouts/application (Duration: 2.7ms | Allocations: 876)
[Webpacker] Compiling...
[Webpacker] Compilation failed:
/Users/jamesbrown/.rvm/gems/ruby-2.7.0/gems/webpacker-5.4.3/lib/webpacker/runner.rb:13:in ``': No such file or directory - yarn (Errno::ENOENT)
	from /Users/jamesbrown/.rvm/gems/ruby-2.7.0/gems/webpacker-5.4.3/lib/webpacker/runner.rb:13:in `initialize'
	from /Users/jamesbrown/.rvm/gems/ruby-2.7.0/gems/webpacker-5.4.3/lib/webpacker/runner.rb:6:in `new'
	from /Users/jamesbrown/.rvm/gems/ruby-2.7.0/gems/webpacker-5.4.3/lib/webpacker/runner.rb:6:in `run'
	from ./bin/webpack:17:in `block in <main>'
	from ./bin/webpack:16:in `chdir'
	from ./bin/webpack:16:in `<main>'

  Rendered layout layouts/application.html.erb (Duration: 1013.3ms | Allocations: 6551)
Completed 500 Internal Server Error in 1018ms (ActiveRecord: 0.1ms | Allocations: 7634)


  
ActionView::Template::Error (Webpacker can't find application.js in /Users/jamesbrown/lighthouse/tinyapp-ruby/public/packs/manifest.json. Possible causes:
1. You want to set webpacker.yml value of compile to true for your environment
   unless you are using the `webpack -w` or the webpack-dev-server.
2. webpack has not yet re-run to reflect updates.
3. You have misconfigured Webpacker's config/webpacker.yml file.
4. Your webpack configuration is not creating a manifest.
Your manifest contains:
{
}
):
     7:     <%= csp_meta_tag %>
     8: 
     9:     <%= stylesheet_link_tag 'application', media: 'all', 'data-turbolinks-track': 'reload' %>
    10:     <%= javascript_pack_tag 'application', 'data-turbolinks-track': 'reload' %>
    11:   </head>
    12: 
    13:   <body>
  
app/views/layouts/application.html.erb:10
Started GET "/" for 127.0.0.1 at 2023-02-28 13:34:53 -0800
  [1m[35m (0.9ms)[0m  [1m[34mSELECT sqlite_version(*)[0m
  [1m[35m (0.7ms)[0m  [1m[34mSELECT "schema_migrations"."version" FROM "schema_migrations" ORDER BY "schema_migrations"."version" ASC[0m
Processing by UrlsController#everyboday as HTML
  Rendering layout layouts/application.html.erb
  Rendering urls/everyboday.html.erb within layouts/application
  [1m[36mUrl Load (0.8ms)[0m  [1m[34mSELECT "urls".* FROM "urls"[0m
  ↳ app/views/urls/everyboday.html.erb:17
  Rendered urls/everyboday.html.erb within layouts/application (Duration: 10.5ms | Allocations: 1242)
[Webpacker] Compiling...
[Webpacker] Compiled all packs in /Users/jamesbrown/lighthouse/tinyapp-ruby/public/packs
[Webpacker] warning ../../package.json: No license field

[Webpacker] Hash: 804a8059a304061a3e74
Version: webpack 4.46.0
Time: 2336ms
Built at: 2023-02-28 1:35:00 p.m.
                                     Asset       Size       Chunks                         Chunk Names
    js/application-271cf8931bb708d2d8bb.js    121 KiB  application  [emitted] [immutable]  application
js/application-271cf8931bb708d2d8bb.js.map    133 KiB  application  [emitted] [dev]        application
                             manifest.json  364 bytes               [emitted]              
Entrypoint application = js/application-271cf8931bb708d2d8bb.js js/application-271cf8931bb708d2d8bb.js.map
[./app/javascript/channels sync recursive _channel\.js$] ./app/javascript/channels sync _channel\.js$ 160 bytes {application} [built]
[./app/javascript/channels/index.js] 211 bytes {application} [built]
[./app/javascript/packs/application.js] 493 bytes {application} [built]
    + 3 hidden modules

  Rendered layout layouts/application.html.erb (Duration: 6698.1ms | Allocations: 9342)
Completed 200 OK in 6729ms (Views: 6703.3ms | ActiveRecord: 0.8ms | Allocations: 13567)


Started GET "/favicon.ico" for 127.0.0.1 at 2023-02-28 13:35:00 -0800
  
ActionController::RoutingError (No route matches [GET] "/favicon.ico"):
  
Started GET "/login" for 127.0.0.1 at 2023-02-28 13:35:11 -0800
Processing by SessionController#new as HTML
  Rendering layout layouts/application.html.erb
  Rendering session/new.html.erb within layouts/application
  Rendered session/new.html.erb within layouts/application (Duration: 2.6ms | Allocations: 488)
[Webpacker] Everything's up-to-date. Nothing to do
  Rendered layout layouts/application.html.erb (Duration: 11.5ms | Allocations: 4369)
Completed 200 OK in 17ms (Views: 14.6ms | ActiveRecord: 0.0ms | Allocations: 5373)


Started POST "/login" for 127.0.0.1 at 2023-02-28 13:35:15 -0800
Processing by SessionController#create as HTML
  Parameters: {"authenticity_token"=>"[FILTERED]", "email"=>"james", "password"=>"[FILTERED]", "commit"=>"Log in!"}
  [1m[36mUser Load (0.9ms)[0m  [1m[34mSELECT "users".* FROM "users" WHERE "users"."email" = ? LIMIT ?[0m  [["email", "james"], ["LIMIT", 1]]
  ↳ app/controllers/session_controller.rb:7:in `create'
Redirected to http://127.0.0.1:3000/login
Completed 302 Found in 19ms (ActiveRecord: 1.4ms | Allocations: 3172)


Started GET "/login" for 127.0.0.1 at 2023-02-28 13:35:15 -0800
Processing by SessionController#new as HTML
  Rendering layout layouts/application.html.erb
  Rendering session/new.html.erb within layouts/application
  Rendered session/new.html.erb within layouts/application (Duration: 0.6ms | Allocations: 304)
[Webpacker] Everything's up-to-date. Nothing to do
  Rendered layout layouts/application.html.erb (Duration: 10.1ms | Allocations: 4048)
Completed 200 OK in 11ms (Views: 10.7ms | ActiveRecord: 0.0ms | Allocations: 4422)


Started GET "/login" for 127.0.0.1 at 2023-02-28 13:35:18 -0800
Processing by SessionController#new as HTML
  Rendering layout layouts/application.html.erb
  Rendering session/new.html.erb within layouts/application
  Rendered session/new.html.erb within layouts/application (Duration: 0.9ms | Allocations: 304)
[Webpacker] Everything's up-to-date. Nothing to do
  Rendered layout layouts/application.html.erb (Duration: 10.7ms | Allocations: 4063)
Completed 200 OK in 13ms (Views: 11.9ms | ActiveRecord: 0.0ms | Allocations: 4441)


Started GET "/login" for 127.0.0.1 at 2023-02-28 13:35:21 -0800
Processing by SessionController#new as HTML
  Rendering layout layouts/application.html.erb
  Rendering session/new.html.erb within layouts/application
  Rendered session/new.html.erb within layouts/application (Duration: 0.8ms | Allocations: 304)
[Webpacker] Everything's up-to-date. Nothing to do
  Rendered layout layouts/application.html.erb (Duration: 11.0ms | Allocations: 4047)
Completed 200 OK in 13ms (Views: 11.7ms | ActiveRecord: 0.0ms | Allocations: 4420)


Started GET "/" for 127.0.0.1 at 2023-02-28 13:35:21 -0800
Processing by UrlsController#everyboday as HTML
  Rendering layout layouts/application.html.erb
  Rendering urls/everyboday.html.erb within layouts/application
  [1m[36mUrl Load (0.2ms)[0m  [1m[34mSELECT "urls".* FROM "urls"[0m
  ↳ app/views/urls/everyboday.html.erb:17
  Rendered urls/everyboday.html.erb within layouts/application (Duration: 3.9ms | Allocations: 687)
[Webpacker] Everything's up-to-date. Nothing to do
  Rendered layout layouts/application.html.erb (Duration: 13.1ms | Allocations: 4436)
Completed 200 OK in 18ms (Views: 14.3ms | ActiveRecord: 0.2ms | Allocations: 4834)


